Exporter version: 5.5.0, Blender version: 2.79 (sub 0)
========= Conversion from Blender to Babylon.js =========
	Scene settings used:
		selected layers only:  false
		flat shading entire scene:  false
		inline textures:  false
		texture directory:  C:\Users\RealityShift13\projects\Hackaton\Client\src\assets\
	Python World class constructor completed
	WARNING: No active camera has been assigned, or is not in a currently selected Blender layer
	processing begun of mesh:  root
		processing begun of Standard material:  Material_50
			Diffuse texture found "172.png"
				Image texture found, type:  diffuseTexture, mapped using: "UVMap"
			Specular texture found "176.png"
				Image texture found, type:  specularTexture, mapped using: "UVMap"
		num positions      :  4195
		num normals        :  4195
		num uvs            :  8390
		num uvs2           :  0
		num colors         :  16780
		num indices        :  18687
========= Writing of scene file started =========
========= Writing of scene file completed =========
========= end of processing =========
elapsed time:  0 min, 1.1859 secs
