Exporter version: 5.5.0, Blender version: 2.79 (sub 0)
========= Conversion from Blender to Babylon.js =========
	Scene settings used:
		selected layers only:  false
		flat shading entire scene:  false
		inline textures:  false
		texture directory:  C:\Users\RealityShift13\projects\Hackaton\Client\src\assets\
	Python World class constructor completed
	WARNING: No active camera has been assigned, or is not in a currently selected Blender layer
	processing begun of mesh:  node_id28
		processing begun of Standard material:  Material_47
		processing begun of Standard material:  Material_48
			Diffuse texture found "6.png"
				Image texture found, type:  diffuseTexture, mapped using: "UVMap"
		processing begun of multimaterial:  bitcoin.Multimaterial#0
		num positions      :  40795
		num normals        :  40795
		num uvs            :  81590
		num uvs2           :  0
		num colors         :  0
		num indices        :  48456
========= Writing of scene file started =========
========= Writing of scene file completed =========
========= end of processing =========
elapsed time:  0 min, 1.526 secs
