Exporter version: 5.5.0, Blender version: 2.79 (sub 0)
========= Conversion from Blender to Babylon.js =========
	Scene settings used:
		selected layers only:  false
		flat shading entire scene:  false
		inline textures:  false
		texture directory:  C:\Users\RealityShift13\projects\Hackaton\Client\src\assets\
	Python World class constructor completed
	WARNING: No active camera has been assigned, or is not in a currently selected Blender layer
	processing begun of skeleton:  Armature, id:  0
		processing begun of bone:  Hips, index:  0
		processing begun of bone:  Spine, index:  1
		processing begun of bone:  Chest, index:  2
		processing begun of bone:  Neck, index:  3
		processing begun of bone:  Head, index:  4
		processing begun of bone:  LeftEye, index:  5
		processing begun of bone:  LeftEye_end, index:  6
		processing begun of bone:  RightEye, index:  7
		processing begun of bone:  RightEye_end, index:  8
		processing begun of bone:  Neck.001, index:  9
		processing begun of bone:  Neck.002, index:  10
		processing begun of bone:  Neck.002_end, index:  11
		processing begun of bone:  Shoulder.L, index:  12
		processing begun of bone:  Upper arm.L, index:  13
		processing begun of bone:  Lower arm.L, index:  14
		processing begun of bone:  Hand.L, index:  15
		processing begun of bone:  Upper pointer.L, index:  16
		processing begun of bone:  Mid pointer.L, index:  17
		processing begun of bone:  Mid pointer.L_end, index:  18
		processing begun of bone:  Upper mid.L, index:  19
		processing begun of bone:  Mid mid.L, index:  20
		processing begun of bone:  Mid mid.L_end, index:  21
		processing begun of bone:  Upper ring.L, index:  22
		processing begun of bone:  Mid ring.L, index:  23
		processing begun of bone:  Mid ring.L_end, index:  24
		processing begun of bone:  Upper pinkie.L, index:  25
		processing begun of bone:  Lower pinkie.L, index:  26
		processing begun of bone:  Lower pinkie.L_end, index:  27
		processing begun of bone:  Upper thumb.L, index:  28
		processing begun of bone:  Lower thumb.L, index:  29
		processing begun of bone:  Lower thumb.L_end, index:  30
		processing begun of bone:  Shoulder.R, index:  31
		processing begun of bone:  Upper arm.R, index:  32
		processing begun of bone:  Lower arm.R, index:  33
		processing begun of bone:  Hand.R, index:  34
		processing begun of bone:  Upper pointer.R, index:  35
		processing begun of bone:  Mid pointer.R, index:  36
		processing begun of bone:  Mid pointer.R_end, index:  37
		processing begun of bone:  Upper mid.R, index:  38
		processing begun of bone:  Mid mid.R, index:  39
		processing begun of bone:  Mid mid.R_end, index:  40
		processing begun of bone:  Upper ring.R, index:  41
		processing begun of bone:  Mid ring.R, index:  42
		processing begun of bone:  Mid ring.R_end, index:  43
		processing begun of bone:  Upper pinkie.R, index:  44
		processing begun of bone:  Lower pinkie.R, index:  45
		processing begun of bone:  Lower pinkie.R_end, index:  46
		processing begun of bone:  Upper thumb.R, index:  47
		processing begun of bone:  Lower thumb.R, index:  48
		processing begun of bone:  Lower thumb.R_end, index:  49
		processing begun of bone:  Upper leg.L, index:  50
		processing begun of bone:  Lower leg.L, index:  51
		processing begun of bone:  Foot.L, index:  52
		processing begun of bone:  Toe.L, index:  53
		processing begun of bone:  Toe.L_end, index:  54
		processing begun of bone:  Upper tail, index:  55
		processing begun of bone:  Lower tail, index:  56
		processing begun of bone:  Lower tail_end, index:  57
		processing begun of bone:  Upper leg.R, index:  58
		processing begun of bone:  Lower leg.R, index:  59
		processing begun of bone:  Foot.R, index:  60
		processing begun of bone:  Toe.R, index:  61
		processing begun of bone:  Toe.R_end, index:  62
		processing action Armature|Armature|talk|Armature|talk:  in[1 - 44], out[0 - 44]
		processing action Armature|Armature|walk|Armature|walk:  in[1 - 106], out[50 - 156]
		processing action Armature|walk.002|walk.002:  in[1 - 44], out[170 - 214]
		processing action Armature|walk.003|walk.003:  in[1 - 63], out[220 - 283]
		processing action Key|Armature|talk|Armature|talk:  in[1 - 44], out[290 - 334]
		processing action Key|Armature|walk|Armature|walk:  in[1 - 106], out[340 - 446]
		processing action Key|walk.002|walk.002:  in[1 - 44], out[460 - 504]
		processing action Key|walk.003|walk.003:  in[1 - 63], out[510 - 573]
	processing begun of mesh:  Body
		processing begun of Standard material:  body color
			Diffuse texture found "Knuckles color"
				Image texture found, type:  diffuseTexture, mapped using: "UVMap"
				WARNING: Opacity non-std way to indicate opacity, use material alpha to also use Opacity texture
		processing begun of Standard material:  eyes
			Diffuse texture found "eyes"
				Image texture found, type:  diffuseTexture, mapped using: "UVMap"
				WARNING: Opacity non-std way to indicate opacity, use material alpha to also use Opacity texture
		processing begun of multimaterial:  knuckles.Multimaterial#0
		num positions      :  10463
		num normals        :  10463
		num uvs            :  20926
		num uvs2           :  0
		num colors         :  41852
		num indices        :  35532
		Skeleton stats:  
			WARNING: Maximum # of influencers exceeded for 10 vertices, extras ignored
			Total Influencers:  28362
			Avg # of influencers per vertex:  2.7107
			Highest # of influencers observed:  9, num vertices with this:  628
			exported as 8 influencers
			num skeletonWeights and skeletonIndices:  83704
		Shape Keys:
	Mesh: Body has un-applied transformations.  This will never work for a mesh with an armature.  Export cancelled
========= end of processing =========
elapsed time:  0 min, 14.4904 secs
