Exporter version: 5.5.0, Blender version: 2.79 (sub 0)
========= Conversion from Blender to Babylon.js =========
	Scene settings used:
		selected layers only:  false
		flat shading entire scene:  false
		inline textures:  false
		texture directory:  C:\Users\RealityShift13\projects\Hackaton\Client\src\assets\
	Python World class constructor completed
	WARNING: No active camera has been assigned, or is not in a currently selected Blender layer
	processing begun of mesh:  root
		processing begun of Standard material:  Material_46
			Diffuse texture found "5.png"
				Image texture found, type:  diffuseTexture, mapped using: "UVMap"
	WARNING: Error encountered processing image file:  , Error:  [Errno 2] No such file or directory: 'C:\\Users\\RealityShift13\\projects\\Hackaton\\Client\\src\\assets\\textures\\5.png'
			Specular texture found "7.png"
				Image texture found, type:  specularTexture, mapped using: "UVMap"
	WARNING: Error encountered processing image file:  , Error:  [Errno 2] No such file or directory: 'C:\\Users\\RealityShift13\\projects\\Hackaton\\Client\\src\\assets\\textures\\7.png'
		num positions      :  881
		num normals        :  881
		num uvs            :  1762
		num uvs2           :  0
		num colors         :  3524
		num indices        :  1452
========= Writing of scene file started =========
========= Writing of scene file completed =========
========= end of processing =========
elapsed time:  0 min, 0.0694 secs
