Exporter version: 5.5.0, Blender version: 2.79 (sub 0)
========= Conversion from Blender to Babylon.js =========
	Scene settings used:
		selected layers only:  false
		flat shading entire scene:  false
		inline textures:  false
		texture directory:  C:\Users\RealityShift13\projects\Hackaton\Client\src\assets\
	Python World class constructor completed
	WARNING: No active camera has been assigned, or is not in a currently selected Blender layer
	processing begun of mesh:  root
		processing begun of Standard material:  Material_45
			Diffuse texture found "5.png"
				Image texture found, type:  diffuseTexture, mapped using: "UVMap"
			Specular texture found "7.png"
				Image texture found, type:  specularTexture, mapped using: "UVMap"
				WARNING: Opacity non-std way to indicate opacity, use material alpha to also use Opacity texture
		num positions      :  2551
		num normals        :  2551
		num uvs            :  5102
		num uvs2           :  0
		num colors         :  0
		num indices        :  2640
========= Writing of scene file started =========
========= Writing of scene file completed =========
========= end of processing =========
elapsed time:  0 min, 0.0892 secs
