Exporter version: 5.5.0, Blender version: 2.79 (sub 0)
========= Conversion from Blender to Babylon.js =========
	Scene settings used:
		selected layers only:  false
		flat shading entire scene:  false
		inline textures:  false
		texture directory:  C:\Users\RealityShift13\projects\Hackaton\Client\src\assets\towers\
	Python World class constructor completed
	WARNING: No active camera has been assigned, or is not in a currently selected Blender layer
	processing begun of mesh:  tower
		processing begun of Standard material:  Material
		num positions      :  1701
		num normals        :  1701
		num uvs            :  3402
		num uvs2           :  0
		num colors         :  0
		num indices        :  3432
========= Writing of scene file started =========
========= Writing of scene file completed =========
========= end of processing =========
elapsed time:  0 min, 0.1331 secs
